[0.698s] Invoking command in '/home/gawar/ros2_ws/src/build/my_robot_controller': PYTHONPATH=/home/gawar/ros2_ws/src/build/my_robot_controller/prefix_override:/home/gawar/ros2_ws/src/install/my_robot_controller/lib/python3.10/site-packages:${PYTHONPATH} /usr/bin/python3 setup.py develop --editable --build-directory /home/gawar/ros2_ws/src/build/my_robot_controller/build --no-deps install_data
[0.926s] running develop
[1.078s] running egg_info
[1.078s] writing my_robot_controller.egg-info/PKG-INFO
[1.078s] writing dependency_links to my_robot_controller.egg-info/dependency_links.txt
[1.078s] writing entry points to my_robot_controller.egg-info/entry_points.txt
[1.078s] writing requirements to my_robot_controller.egg-info/requires.txt
[1.079s] writing top-level names to my_robot_controller.egg-info/top_level.txt
[1.081s] reading manifest file 'my_robot_controller.egg-info/SOURCES.txt'
[1.081s] writing manifest file 'my_robot_controller.egg-info/SOURCES.txt'
[1.083s] running build_ext
[1.083s] Creating /home/gawar/ros2_ws/src/install/my_robot_controller/lib/python3.10/site-packages/my-robot-controller.egg-link (link to .)
[1.084s] Installing draw_circle script to /home/gawar/ros2_ws/src/install/my_robot_controller/lib/my_robot_controller
[1.084s] Installing pose_subscriber script to /home/gawar/ros2_ws/src/install/my_robot_controller/lib/my_robot_controller
[1.084s] Installing test_node script to /home/gawar/ros2_ws/src/install/my_robot_controller/lib/my_robot_controller
[1.084s] Installing turtle_controller script to /home/gawar/ros2_ws/src/install/my_robot_controller/lib/my_robot_controller
[1.084s] 
[1.084s] Installed /home/gawar/ros2_ws/src/build/my_robot_controller
[1.084s] running install_data
[1.117s] Invoked command in '/home/gawar/ros2_ws/src/build/my_robot_controller' returned '0': PYTHONPATH=/home/gawar/ros2_ws/src/build/my_robot_controller/prefix_override:/home/gawar/ros2_ws/src/install/my_robot_controller/lib/python3.10/site-packages:${PYTHONPATH} /usr/bin/python3 setup.py develop --editable --build-directory /home/gawar/ros2_ws/src/build/my_robot_controller/build --no-deps install_data
