[0.710s] Invoking command in '/home/gawar/ros2_ws/src/build/my_robot_controller': PYTHONPATH=/home/gawar/ros2_ws/src/build/my_robot_controller/prefix_override:/home/gawar/ros2_ws/src/install/my_robot_controller/lib/python3.10/site-packages:${PYTHONPATH} /usr/bin/python3 setup.py develop --editable --build-directory /home/gawar/ros2_ws/src/build/my_robot_controller/build --no-deps install_data
[0.930s] running develop
[1.070s] running egg_info
[1.071s] creating my_robot_controller.egg-info
[1.071s] writing my_robot_controller.egg-info/PKG-INFO
[1.071s] writing dependency_links to my_robot_controller.egg-info/dependency_links.txt
[1.071s] writing entry points to my_robot_controller.egg-info/entry_points.txt
[1.071s] writing requirements to my_robot_controller.egg-info/requires.txt
[1.071s] writing top-level names to my_robot_controller.egg-info/top_level.txt
[1.071s] writing manifest file 'my_robot_controller.egg-info/SOURCES.txt'
[1.073s] reading manifest file 'my_robot_controller.egg-info/SOURCES.txt'
[1.073s] writing manifest file 'my_robot_controller.egg-info/SOURCES.txt'
[1.075s] running build_ext
[1.075s] Creating /home/gawar/ros2_ws/src/install/my_robot_controller/lib/python3.10/site-packages/my-robot-controller.egg-link (link to .)
[1.075s] Installing draw_circle script to /home/gawar/ros2_ws/src/install/my_robot_controller/lib/my_robot_controller
[1.075s] Installing pose_subscriber script to /home/gawar/ros2_ws/src/install/my_robot_controller/lib/my_robot_controller
[1.076s] Installing test_node script to /home/gawar/ros2_ws/src/install/my_robot_controller/lib/my_robot_controller
[1.076s] 
[1.076s] Installed /home/gawar/ros2_ws/src/build/my_robot_controller
[1.076s] running install_data
[1.076s] creating /home/gawar/ros2_ws/src/install/my_robot_controller/share/ament_index
[1.076s] creating /home/gawar/ros2_ws/src/install/my_robot_controller/share/ament_index/resource_index
[1.076s] creating /home/gawar/ros2_ws/src/install/my_robot_controller/share/ament_index/resource_index/packages
[1.076s] copying resource/my_robot_controller -> /home/gawar/ros2_ws/src/install/my_robot_controller/share/ament_index/resource_index/packages
[1.076s] copying package.xml -> /home/gawar/ros2_ws/src/install/my_robot_controller/share/my_robot_controller
[1.114s] Invoked command in '/home/gawar/ros2_ws/src/build/my_robot_controller' returned '0': PYTHONPATH=/home/gawar/ros2_ws/src/build/my_robot_controller/prefix_override:/home/gawar/ros2_ws/src/install/my_robot_controller/lib/python3.10/site-packages:${PYTHONPATH} /usr/bin/python3 setup.py develop --editable --build-directory /home/gawar/ros2_ws/src/build/my_robot_controller/build --no-deps install_data
